<?xml version="1.0" encoding="UTF-8"?>
<testsuite xmlns:xsi="http://www.w3.org/2001/XMLSchema-instance" xsi:noNamespaceSchemaLocation="https://maven.apache.org/surefire/maven-surefire-plugin/xsd/surefire-test-report.xsd" name="TestSuite" time="4.554" tests="2" errors="0" skipped="0" failures="0">
  <properties>
[...]
</properties>
  <testcase name="verifyCreateBooking" classname="com.rest.api.automation.bookings.CreateBookingSuccessScenariosTest" time="2.459"/>
  <testcase name="verifyGetBookingDetails" classname="com.rest.api.automation.bookings.GetBookingDetailsSuccessScenariosTest" time="1.384"/>
</testsuite>