<?xml version="1.0" encoding="UTF-8"?>
<testsuite xmlns:xsi="http://www.w3.org/2001/XMLSchema-instance" xsi:noNamespaceSchemaLocation="https://maven.apache.org/surefire/maven-surefire-plugin/xsd/surefire-test-report.xsd" name="TestSuite" time="18.036" tests="10" errors="0" skipped="0" failures="0">
  <properties>
[...]
</properties>
  <testcase name="verifyCreateBooking" classname="com.rest.api.automation.bookings.RestfulBookerE2EFlowSuccessTest" time="2.275"/>
  <testcase name="verifyGetBookingDetails" classname="com.rest.api.automation.bookings.RestfulBookerE2EFlowSuccessTest" time="1.487"/>
  <testcase name="verifyUpdateBooking" classname="com.rest.api.automation.bookings.RestfulBookerE2EFlowSuccessTest" time="2.367"/>
  <testcase name="verifyPartialUpdateBooking" classname="com.rest.api.automation.bookings.RestfulBookerE2EFlowSuccessTest" time="2.544"/>
  <testcase name="verifyDeleteBooking" classname="com.rest.api.automation.bookings.RestfulBookerE2EFlowSuccessTest" time="2.659"/>
  <testcase name="verifyBookingIsDeleted" classname="com.rest.api.automation.bookings.RestfulBookerE2EFlowSuccessTest" time="1.338"/>
  <testcase name="verifyCreateBookingWithInvalidMethod" classname="com.rest.api.automation.bookings.RestfulBookerErrorsTest" time="1.049"/>
  <testcase name="verifyDeleteBookingWithInvalidMethod" classname="com.rest.api.automation.bookings.RestfulBookerErrorsTest" time="1.3"/>
  <testcase name="verifyGetBookingDetailsWithInvalidMethod" classname="com.rest.api.automation.bookings.RestfulBookerErrorsTest" time="1.11"/>
  <testcase name="verifyUpdateBookingWithInvalidMethod" classname="com.rest.api.automation.bookings.RestfulBookerErrorsTest" time="1.131"/>
</testsuite>