<?xml version="1.0" encoding="UTF-8"?>
<!-- Generated by org.testng.reporters.JUnitXMLReporter -->
<testsuite ignored="2" hostname="Diceteks-MacBook-Pro-5.local" failures="0" tests="10" name="AutomationTestSuite" time="15.962" errors="0" timestamp="2023-03-06T00:17:39 GST">
  <testcase classname="com.rest.api.automation.bookings.RestfulBookerE2EFlowSuccessTest" name="verifyCreateBooking" time="2.253"/>
  <testcase classname="com.rest.api.automation.bookings.RestfulBookerE2EFlowSuccessTest" name="verifyGetBookingDetails" time="1.071"/>
  <testcase classname="com.rest.api.automation.bookings.RestfulBookerE2EFlowSuccessTest" name="verifyUpdateBooking" time="2.07"/>
  <testcase classname="com.rest.api.automation.bookings.RestfulBookerE2EFlowSuccessTest" name="verifyPartialUpdateBooking" time="2.119"/>
  <testcase classname="com.rest.api.automation.bookings.RestfulBookerE2EFlowSuccessTest" name="verifyDeleteBooking" time="2.012"/>
  <testcase classname="com.rest.api.automation.bookings.RestfulBookerE2EFlowSuccessTest" name="verifyBookingIsDeleted" time="1.364"/>
  <testcase classname="com.rest.api.automation.bookings.RestfulBookerErrorsTest" name="verifyCreateBookingWithInvalidMethod" time="1.431"/>
  <testcase classname="com.rest.api.automation.bookings.RestfulBookerErrorsTest" name="verifyDeleteBookingWithInvalidMethod" time="1.125"/>
  <testcase classname="com.rest.api.automation.bookings.RestfulBookerErrorsTest" name="verifyGetBookingDetailsWithInvalidMethod" time="1.228"/>
  <testcase classname="com.rest.api.automation.bookings.RestfulBookerErrorsTest" name="verifyUpdateBookingWithInvalidMethod" time="1.254"/>
  <testcase classname="com.rest.api.automation.base.RestTestBase" name="@AfterSuite afterSuite" time="0.0">
    <ignored/>
  </testcase> <!-- @AfterSuite afterSuite -->
  <testcase classname="com.rest.api.automation.base.RestTestBase" name="@BeforeSuite setUp" time="0.0">
    <ignored/>
  </testcase> <!-- @BeforeSuite setUp -->
</testsuite> <!-- AutomationTestSuite -->
