<?xml version="1.0" encoding="UTF-8"?>
<!-- Generated by org.testng.reporters.JUnitXMLReporter -->
<testsuite ignored="2" hostname="Diceteks-MacBook-Pro-5.local" failures="0" tests="10" name="AutomationTestSuite" time="17.295" errors="0" timestamp="2023-03-06T11:46:40 GST">
  <testcase classname="com.rest.api.automation.bookings.RestfulBookerE2EFlowSuccessTest" name="verifyCreateBooking" time="2.274"/>
  <testcase classname="com.rest.api.automation.bookings.RestfulBookerE2EFlowSuccessTest" name="verifyGetBookingDetails" time="1.487"/>
  <testcase classname="com.rest.api.automation.bookings.RestfulBookerE2EFlowSuccessTest" name="verifyUpdateBooking" time="2.367"/>
  <testcase classname="com.rest.api.automation.bookings.RestfulBookerE2EFlowSuccessTest" name="verifyPartialUpdateBooking" time="2.544"/>
  <testcase classname="com.rest.api.automation.bookings.RestfulBookerE2EFlowSuccessTest" name="verifyDeleteBooking" time="2.66"/>
  <testcase classname="com.rest.api.automation.bookings.RestfulBookerE2EFlowSuccessTest" name="verifyBookingIsDeleted" time="1.338"/>
  <testcase classname="com.rest.api.automation.bookings.RestfulBookerErrorsTest" name="verifyCreateBookingWithInvalidMethod" time="1.049"/>
  <testcase classname="com.rest.api.automation.bookings.RestfulBookerErrorsTest" name="verifyDeleteBookingWithInvalidMethod" time="1.299"/>
  <testcase classname="com.rest.api.automation.bookings.RestfulBookerErrorsTest" name="verifyGetBookingDetailsWithInvalidMethod" time="1.11"/>
  <testcase classname="com.rest.api.automation.bookings.RestfulBookerErrorsTest" name="verifyUpdateBookingWithInvalidMethod" time="1.131"/>
  <testcase classname="com.rest.api.automation.base.RestTestBase" name="@AfterSuite afterSuite" time="0.0">
    <ignored/>
  </testcase> <!-- @AfterSuite afterSuite -->
  <testcase classname="com.rest.api.automation.base.RestTestBase" name="@BeforeSuite setUp" time="0.0">
    <ignored/>
  </testcase> <!-- @BeforeSuite setUp -->
</testsuite> <!-- AutomationTestSuite -->
